<?xml version="1.0" encoding="UTF-8"?>
<!-- Generated by org.testng.reporters.JUnitReportReporter -->
<testsuite hostname="DESKTOP-H8NRONJ" failures="0" tests="2" name="clickAcedemy.automationProject.homePageLogin_Test001" time="4.504" errors="0" timestamp="24 Jun. 2019 16:40:32 GMT" skipped="0">
  <testcase classname="clickAcedemy.automationProject.homePageLogin_Test001" name="validateLoginFunctionality" time="2.463"/>
  <testcase classname="clickAcedemy.automationProject.homePageLogin_Test001" name="validateLoginFunctionality" time="2.041"/>
</testsuite> <!-- clickAcedemy.automationProject.homePageLogin_Test001 -->
