<?xml version="1.0" encoding="UTF-8"?>
<!-- Generated by org.testng.reporters.JUnitReportReporter -->
<testsuite hostname="DESKTOP-H8NRONJ" failures="0" tests="1" name="practicePage.radioBtnTest" time="9.223" errors="0" timestamp="24 Jun. 2019 21:43:36 GMT" skipped="0">
  <testcase classname="practicePage.radioBtnTest" name="testRadioBtn" time="9.223"/>
</testsuite> <!-- practicePage.radioBtnTest -->
