<?xml version="1.0" encoding="UTF-8"?>
<!-- Generated by org.testng.reporters.JUnitReportReporter -->
<testsuite hostname="DESKTOP-H8NRONJ" failures="0" tests="1" name="practicePage.practicePage_Test001" time="4.136" errors="0" timestamp="24 Jun. 2019 18:08:20 GMT" skipped="0">
  <testcase classname="practicePage.practicePage_Test001" name="testEnterNameBox" time="4.136"/>
</testsuite> <!-- practicePage.practicePage_Test001 -->
