<?xml version="1.0" encoding="UTF-8"?>
<!-- Generated by org.testng.reporters.JUnitReportReporter -->
<testsuite hostname="DESKTOP-H8NRONJ" failures="0" tests="1" name="practicePage.suggestionDropDownTest" time="7.201" errors="0" timestamp="24 Jun. 2019 22:39:35 GMT" skipped="0">
  <testcase classname="practicePage.suggestionDropDownTest" name="testAutoSuggestionDropDown" time="7.201"/>
</testsuite> <!-- practicePage.suggestionDropDownTest -->
