<?xml version="1.0" encoding="UTF-8"?>
<!-- Generated by org.testng.reporters.JUnitReportReporter -->
<testsuite hostname="DESKTOP-H8NRONJ" failures="0" tests="1" name="practicePage.selectDropdownTest" time="0.337" errors="0" timestamp="24 Jun. 2019 23:39:51 GMT" skipped="0">
  <testcase classname="practicePage.selectDropdownTest" name="testSelectDropDown" time="0.337"/>
</testsuite> <!-- practicePage.selectDropdownTest -->
