<?xml version="1.0" encoding="UTF-8"?>
<!-- Generated by org.testng.reporters.JUnitReportReporter -->
<testsuite hostname="DESKTOP-H8NRONJ" failures="0" tests="1" name="practicePage.mouseHoverBtnTest" time="0.027" errors="0" timestamp="25 Jun. 2019 01:53:26 GMT" skipped="0">
  <testcase classname="practicePage.mouseHoverBtnTest" name="testAutoSuggestionDropDown" time="0.027"/>
</testsuite> <!-- practicePage.mouseHoverBtnTest -->
