<?xml version="1.0" encoding="UTF-8"?>
<!-- Generated by org.testng.reporters.JUnitReportReporter -->
<testsuite hostname="DESKTOP-H8NRONJ" failures="0" tests="1" name="practicePage.suggestionDropDownTest" time="2.966" errors="0" timestamp="26 Jun. 2019 15:09:32 GMT" skipped="0">
  <testcase classname="practicePage.suggestionDropDownTest" name="testAutoSuggestionDropDown" time="2.966"/>
</testsuite> <!-- practicePage.suggestionDropDownTest -->
